2025-06-01 11:27:38 INFO  [o.e.controller.EmpleadoController] - Displayed 2 employees for role='Cajero'.
2025-06-01 11:27:38 DEBUG [o.e.controller.EmpleadoController] - Delete input: id='1'.
2025-06-01 11:27:38 INFO  [o.e.controller.EmpleadoController] - Employee ID '1' deleted.
2025-06-01 11:27:38 DEBUG [o.e.controller.EmpleadoController] - Delete input: id='1'.
2025-06-01 11:27:38 ERROR [o.e.controller.EmpleadoController] - Failed to delete employee ID='1'.
2025-06-01 11:27:38 INFO  [o.e.controller.EmpleadoController] - Displayed all employees: count=2.
2025-06-01 11:27:38 DEBUG [o.e.controller.EmpleadoController] - Update input: id='1', name='Juan', role='Cajero', date='2024-01-01', salary='1200'
2025-06-01 11:27:38 INFO  [o.e.controller.EmpleadoController] - Employee ID '1' updated.
2025-06-01 11:27:38 DEBUG [o.e.controller.EmpleadoController] - Update input: id='1', name='Juan', role='Cajero', date='2024-01-01', salary='1200'
2025-06-01 11:27:38 ERROR [o.e.controller.EmpleadoController] - Failed to update employee ID='1'.
2025-06-01 11:27:38 INFO  [o.e.controller.EmpleadoController] - Displayed all employees: count=1.
2025-06-01 11:27:38 DEBUG [o.e.controller.EmpleadoController] - Register input: name='Juan', role='Cajero', date='2024-01-01', salary='1000'
2025-06-01 11:27:38 INFO  [o.e.controller.EmpleadoController] - Employee 'Juan' with role 'Cajero' registered.
2025-06-01 11:27:38 DEBUG [o.e.controller.EmpleadoController] - Register input: name='Juan', role='Cajero', date='2024-01-01', salary='1000'
2025-06-01 11:27:38 ERROR [o.e.controller.EmpleadoController] - Failed to create employee: name='Juan', role='Cajero'.
2025-06-01 11:33:07 DEBUG [o.e.controller.EmpleadoController] - Register input: name='Elkin Silva', role='Gerente', date='2025-05-22', salary='18000000.00'
2025-06-01 11:33:07 INFO  [org.example.util.DBConnection] - Driver MySQL loaded successfully.
2025-06-01 11:33:07 DEBUG [org.example.util.DBConnection] - Connecting to DB: jdbc:mysql://localhost:3306/supermercado?useSSL=false&serverTimezone=UTC&characterEncoding=UTF-8&useUnicode=true
2025-06-01 11:33:08 INFO  [org.example.model.EmpleadoDAO] - Inserted Empleado with ID=6
2025-06-01 11:33:10 INFO  [o.e.controller.EmpleadoController] - Employee 'Elkin Silva' with role 'Gerente' registered.
